\BOOKMARK [1][-]{section.1}{\376\377\000S\000e\000e\000i\000n\000g\000\040\000P\000a\000r\000a\000m\000e\000t\000r\000i\000c\000\040\000S\000u\000r\000f\000a\000c\000e\000s}{}% 1
\BOOKMARK [1][-]{section.2}{\376\377\000T\000a\000n\000g\000e\000n\000t\000\040\000P\000l\000a\000n\000e\000s\000\040\000B\000e\000f\000o\000r\000e\000\040\000F\000o\000r\000m\000u\000l\000a\000s}{}% 2
\BOOKMARK [1][-]{section.3}{\376\377\000F\000i\000r\000s\000t\000\040\000F\000u\000n\000d\000a\000m\000e\000n\000t\000a\000l\000\040\000F\000o\000r\000m\000:\000\040\000M\000e\000a\000s\000u\000r\000i\000n\000g\000\040\000o\000n\000\040\000t\000h\000e\000\040\000S\000u\000r\000f\000a\000c\000e}{}% 3
\BOOKMARK [1][-]{section.4}{\376\377\000S\000e\000c\000o\000n\000d\000\040\000F\000u\000n\000d\000a\000m\000e\000n\000t\000a\000l\000\040\000F\000o\000r\000m\000:\000\040\000M\000e\000a\000s\000u\000r\000i\000n\000g\000\040\000B\000e\000n\000d\000i\000n\000g}{}% 4
\BOOKMARK [1][-]{section.5}{\376\377\000S\000h\000a\000p\000e\000\040\000O\000p\000e\000r\000a\000t\000o\000r\000\040\000a\000n\000d\000\040\000C\000u\000r\000v\000a\000t\000u\000r\000e\000s}{}% 5
\BOOKMARK [2][-]{subsection.5.1}{\376\377\000P\000r\000i\000n\000c\000i\000p\000a\000l\000\040\000D\000i\000r\000e\000c\000t\000i\000o\000n\000s}{section.5}% 6
\BOOKMARK [2][-]{subsection.5.2}{\376\377\000F\000o\000r\000m\000u\000l\000a\000s}{section.5}% 7
\BOOKMARK [1][-]{section.6}{\376\377\000W\000o\000r\000k\000e\000d\000\040\000E\000x\000a\000m\000p\000l\000e\000s}{}% 8
\BOOKMARK [2][-]{subsection.6.1}{\376\377\000M\000e\000t\000r\000i\000c\000\040\000o\000f\000\040\000t\000h\000e\000\040\000T\000o\000r\000u\000s}{section.6}% 9
\BOOKMARK [2][-]{subsection.6.2}{\376\377\000E\000l\000l\000i\000p\000t\000i\000c\000\040\000P\000a\000r\000a\000b\000o\000l\000o\000i\000d}{section.6}% 10
\BOOKMARK [1][-]{section.7}{\376\377\000G\000a\000u\000s\000s\000\040\000M\000a\000p\000\040\000a\000n\000d\000\040\000I\000n\000t\000r\000i\000n\000s\000i\000c\000\040\000M\000e\000a\000n\000i\000n\000g\000\040\000o\000f\000\040\000K}{}% 11
\BOOKMARK [1][-]{section.8}{\376\377\000P\000a\000r\000a\000l\000l\000e\000l\000\040\000T\000r\000a\000n\000s\000p\000o\000r\000t\000\040\000o\000n\000\040\000S\000u\000r\000f\000a\000c\000e\000s}{}% 12
\BOOKMARK [2][-]{subsection.8.1}{\376\377\000I\000d\000e\000a}{section.8}% 13
\BOOKMARK [2][-]{subsection.8.2}{\376\377\000F\000o\000r\000m\000a\000l\000\040\000D\000e\000f\000i\000n\000i\000t\000i\000o\000n}{section.8}% 14
\BOOKMARK [2][-]{subsection.8.3}{\376\377\000H\000o\000l\000o\000n\000o\000m\000y\000\040\000I\000n\000t\000u\000i\000t\000i\000o\000n}{section.8}% 15
\BOOKMARK [2][-]{subsection.8.4}{\376\377\000E\000l\000e\000m\000e\000n\000t\000a\000r\000y\000\040\000V\000i\000e\000w}{section.8}% 16
\BOOKMARK [1][-]{section.9}{\376\377\000D\000e\000r\000i\000v\000i\000n\000g\000\040\000t\000h\000e\000\040\000G\000e\000o\000d\000e\000s\000i\000c\000\040\000E\000q\000u\000a\000t\000i\000o\000n\000s}{}% 17
\BOOKMARK [2][-]{subsection.9.1}{\376\377\000E\000n\000e\000r\000g\000y\000\040\000F\000u\000n\000c\000t\000i\000o\000n\000a\000l}{section.9}% 18
\BOOKMARK [2][-]{subsection.9.2}{\376\377\000V\000a\000r\000i\000a\000t\000i\000o\000n}{section.9}% 19
\BOOKMARK [2][-]{subsection.9.3}{\376\377\000C\000o\000n\000n\000e\000c\000t\000i\000o\000n\000\040\000F\000o\000r\000m}{section.9}% 20
\BOOKMARK [2][-]{subsection.9.4}{\376\377\000E\000l\000e\000m\000e\000n\000t\000a\000r\000y\000\040\000T\000a\000n\000g\000e\000n\000t\000i\000a\000l\000-\000A\000c\000c\000e\000l\000e\000r\000a\000t\000i\000o\000n\000\040\000P\000r\000o\000o\000f}{section.9}% 21
\BOOKMARK [1][-]{section.10}{\376\377\000M\000e\000a\000n\000\040\000C\000u\000r\000v\000a\000t\000u\000r\000e\000\040\000a\000n\000d\000\040\000M\000i\000n\000i\000m\000a\000l\000\040\000S\000u\000r\000f\000a\000c\000e\000s}{}% 22
\BOOKMARK [2][-]{subsection.10.1}{\376\377\000A\000r\000e\000a\000\040\000F\000u\000n\000c\000t\000i\000o\000n\000a\000l}{section.10}% 23
\BOOKMARK [2][-]{subsection.10.2}{\376\377\000F\000i\000r\000s\000t\000\040\000V\000a\000r\000i\000a\000t\000i\000o\000n}{section.10}% 24
\BOOKMARK [2][-]{subsection.10.3}{\376\377\000M\000i\000n\000i\000m\000a\000l\000\040\000S\000u\000r\000f\000a\000c\000e\000\040\000E\000q\000u\000a\000t\000i\000o\000n}{section.10}% 25
\BOOKMARK [1][-]{section.11}{\376\377\000K\000l\000e\000i\000n\000\040\000B\000o\000t\000t\000l\000e\000:\000\040\000N\000o\000n\000-\000O\000r\000i\000e\000n\000t\000a\000b\000l\000e\000\040\000E\000x\000a\000m\000p\000l\000e}{}% 26
\BOOKMARK [1][-]{section.12}{\376\377\000G\000e\000o\000d\000e\000s\000i\000c\000s\000\040\000o\000n\000\040\000t\000h\000e\000\040\000T\000o\000r\000u\000s}{}% 27
\BOOKMARK [2][-]{subsection.12.1}{\376\377\000I\000n\000t\000u\000i\000t\000i\000v\000e\000\040\000P\000i\000c\000t\000u\000r\000e}{section.12}% 28
\BOOKMARK [2][-]{subsection.12.2}{\376\377\000G\000e\000o\000d\000e\000s\000i\000c\000\040\000E\000q\000u\000a\000t\000i\000o\000n\000s}{section.12}% 29
\BOOKMARK [2][-]{subsection.12.3}{\376\377\000V\000i\000s\000u\000a\000l\000i\000z\000a\000t\000i\000o\000n}{section.12}% 30
\BOOKMARK [1][-]{section.13}{\376\377\000B\000r\000i\000d\000g\000i\000n\000g\000\040\000I\000n\000t\000u\000i\000t\000i\000o\000n\000\040\000a\000n\000d\000\040\000C\000o\000m\000p\000u\000t\000a\000t\000i\000o\000n}{}% 31
\BOOKMARK [1][-]{section.14}{\376\377\000F\000u\000r\000t\000h\000e\000r\000\040\000R\000e\000a\000d\000i\000n\000g}{}% 32
